<?xml version="1.0" encoding="UTF-8"?>
<!-- Generated by org.testng.reporters.JUnitReportReporter -->
<testsuite skipped="0" hostname="SR-C02ZM0XQLVDQ" name="cucmberTestNGTestRunner.AdPortal_Upload_YourOwn_Commercial_TestRunner" tests="1" failures="0" timestamp="2020-04-16T12:16:25 MDT" time="248.319" errors="0">
  <testcase name="feature" time="248.319" classname="cucmberTestNGTestRunner.AdPortal_Upload_YourOwn_Commercial_TestRunner"/>
</testsuite> <!-- cucmberTestNGTestRunner.AdPortal_Upload_YourOwn_Commercial_TestRunner -->
