<?xml version="1.0" encoding="UTF-8"?>
<!-- Generated by org.testng.reporters.JUnitReportReporter -->
<testsuite skipped="0" hostname="SR-C02ZM0XQLVDQ" name="adPortalUATTestRunner.RegressionTestRunner" tests="6" failures="0" timestamp="2020-04-30T01:14:29 MDT" time="186.556" errors="0">
  <testcase name="feature" time="7.763" classname="adPortalUATTestRunner.RegressionTestRunner"/>
  <testcase name="feature" time="96.253" classname="adPortalUATTestRunner.RegressionTestRunner"/>
  <testcase name="feature" time="18.268" classname="adPortalUATTestRunner.RegressionTestRunner"/>
  <testcase name="feature" time="32.195" classname="adPortalUATTestRunner.RegressionTestRunner"/>
  <testcase name="feature" time="25.257" classname="adPortalUATTestRunner.RegressionTestRunner"/>
  <testcase name="feature" time="6.820" classname="adPortalUATTestRunner.RegressionTestRunner"/>
</testsuite> <!-- adPortalUATTestRunner.RegressionTestRunner -->
