<?xml version="1.0" encoding="UTF-8"?>
<!-- Generated by org.testng.reporters.JUnitReportReporter -->
<testsuite skipped="0" hostname="SR-C02ZM0XQLVDQ" name="cucmberTestNGTestRunner.AdPortal_Reach_Intro_Page_TestRunner" tests="1" failures="0" timestamp="2020-04-21T09:20:59 MDT" time="10.283" errors="0">
  <testcase name="feature" time="10.283" classname="cucmberTestNGTestRunner.AdPortal_Reach_Intro_Page_TestRunner"/>
</testsuite> <!-- cucmberTestNGTestRunner.AdPortal_Reach_Intro_Page_TestRunner -->
