<?xml version="1.0" encoding="UTF-8"?>
<!-- Generated by org.testng.reporters.JUnitReportReporter -->
<testsuite skipped="0" hostname="SR-C02ZM0XQLVDQ" name="cucmberTestNGTestRunner.RegressionTestRunner" tests="6" failures="0" timestamp="2020-04-27T15:24:08 MDT" time="203.660" errors="0">
  <testcase name="feature" time="31.395" classname="cucmberTestNGTestRunner.RegressionTestRunner"/>
  <testcase name="feature" time="114.865" classname="cucmberTestNGTestRunner.RegressionTestRunner"/>
  <testcase name="feature" time="6.685" classname="cucmberTestNGTestRunner.RegressionTestRunner"/>
  <testcase name="feature" time="25.316" classname="cucmberTestNGTestRunner.RegressionTestRunner"/>
  <testcase name="feature" time="6.775" classname="cucmberTestNGTestRunner.RegressionTestRunner"/>
  <testcase name="feature" time="18.624" classname="cucmberTestNGTestRunner.RegressionTestRunner"/>
</testsuite> <!-- cucmberTestNGTestRunner.RegressionTestRunner -->
