<?xml version="1.0" encoding="UTF-8"?>
<!-- Generated by org.testng.reporters.JUnitReportReporter -->
<testsuite skipped="0" hostname="SR-C02ZM0XQLVDQ" name="cucmberTestNGTestRunner.AdPortal_CreateCampaign_002_TestRunner" tests="1" failures="0" timestamp="2020-04-16T12:07:12 MDT" time="110.171" errors="0">
  <testcase name="feature" time="110.171" classname="cucmberTestNGTestRunner.AdPortal_CreateCampaign_002_TestRunner"/>
</testsuite> <!-- cucmberTestNGTestRunner.AdPortal_CreateCampaign_002_TestRunner -->
