<?xml version="1.0" encoding="UTF-8"?>
<!-- Generated by org.testng.reporters.JUnitReportReporter -->
<testsuite skipped="0" hostname="SR-C02ZM0XQLVDQ" name="cucmberTestNGTestRunner.AdPortal_NewUser_FAQ_link_Functionality_TestRunner" tests="1" failures="0" timestamp="2020-04-14T13:13:10 MDT" time="35.244" errors="0">
  <testcase name="feature" time="35.244" classname="cucmberTestNGTestRunner.AdPortal_NewUser_FAQ_link_Functionality_TestRunner"/>
</testsuite> <!-- cucmberTestNGTestRunner.AdPortal_NewUser_FAQ_link_Functionality_TestRunner -->
