<?xml version="1.0" encoding="UTF-8"?>
<!-- Generated by org.testng.reporters.JUnitReportReporter -->
<testsuite skipped="0" hostname="SR-C02ZM0XQLVDQ" name="cucmberTestNGTestRunner.Adportal_logIn_003_TestRunner" tests="1" failures="0" timestamp="2020-04-27T13:01:12 MDT" time="10.847" errors="0">
  <testcase name="feature" time="10.847" classname="cucmberTestNGTestRunner.Adportal_logIn_003_TestRunner"/>
</testsuite> <!-- cucmberTestNGTestRunner.Adportal_logIn_003_TestRunner -->
