<?xml version="1.0" encoding="UTF-8"?>
<!-- Generated by org.testng.reporters.JUnitReportReporter -->
<testsuite skipped="0" hostname="SR-C02ZM0XQLVDQ" name="cucmberTestNGTestRunner.AdPortal_CreateCampaign_001_TestRunner" tests="1" failures="0" timestamp="2020-04-27T12:25:49 MDT" time="116.210" errors="0">
  <testcase name="feature" time="116.210" classname="cucmberTestNGTestRunner.AdPortal_CreateCampaign_001_TestRunner"/>
</testsuite> <!-- cucmberTestNGTestRunner.AdPortal_CreateCampaign_001_TestRunner -->
