<?xml version="1.0" encoding="UTF-8"?>
<!-- Generated by org.testng.reporters.JUnitReportReporter -->
<testsuite skipped="0" hostname="SR-C02ZM0XQLVDQ" name="adPortalUATTestRunner.AdPortal_LogIn_001_TestRunner" tests="1" failures="0" timestamp="2020-04-30T01:06:32 MDT" time="13.073" errors="0">
  <testcase name="feature" time="13.073" classname="adPortalUATTestRunner.AdPortal_LogIn_001_TestRunner"/>
</testsuite> <!-- adPortalUATTestRunner.AdPortal_LogIn_001_TestRunner -->
