<?xml version="1.0" encoding="UTF-8"?>
<!-- Generated by org.testng.reporters.JUnitReportReporter -->
<testsuite skipped="0" hostname="SR-C02ZM0XQLVDQ" name="cucmberTestNGTestRunner.AdPortal_LogIn_002_TestRunner" tests="1" failures="0" timestamp="2020-04-27T12:53:05 MDT" time="33.536" errors="0">
  <testcase name="feature" time="33.536" classname="cucmberTestNGTestRunner.AdPortal_LogIn_002_TestRunner"/>
</testsuite> <!-- cucmberTestNGTestRunner.AdPortal_LogIn_002_TestRunner -->
