<?xml version="1.0" encoding="UTF-8"?>
<!-- Generated by org.testng.reporters.JUnitReportReporter -->
<testsuite skipped="0" hostname="SR-C02ZM0XQLVDQ" name="cucmberTestNGTestRunner.AdPortal_Commercial_Upload_TestRunner" tests="1" failures="0" timestamp="2020-04-13T09:00:02 MDT" time="95.759" errors="0">
  <testcase name="feature" time="95.759" classname="cucmberTestNGTestRunner.AdPortal_Commercial_Upload_TestRunner"/>
</testsuite> <!-- cucmberTestNGTestRunner.AdPortal_Commercial_Upload_TestRunner -->
