<?xml version="1.0" encoding="UTF-8"?>
<!-- Generated by org.testng.reporters.JUnitReportReporter -->
<testsuite skipped="0" hostname="SR-C02ZM0XQLVDQ" name="adPortalUATTestRunner.AdPortal_LogIn_001_TestRunner" tests="1" failures="0" timestamp="2020-05-04T16:10:20 MDT" time="10.115" errors="0">
  <testcase name="feature" time="10.115" classname="adPortalUATTestRunner.AdPortal_LogIn_001_TestRunner"/>
</testsuite> <!-- adPortalUATTestRunner.AdPortal_LogIn_001_TestRunner -->
