<?xml version="1.0" encoding="UTF-8"?>
<!-- Generated by org.testng.reporters.JUnitReportReporter -->
<testsuite skipped="0" hostname="SR-C02ZM0XQLVDQ" name="cucmberTestNGTestRunner.AdPortal_NewCustomerDashboardView_001_TestRunner" tests="1" failures="0" timestamp="2020-04-15T11:33:29 MDT" time="30.247" errors="0">
  <testcase name="feature" time="30.247" classname="cucmberTestNGTestRunner.AdPortal_NewCustomerDashboardView_001_TestRunner"/>
</testsuite> <!-- cucmberTestNGTestRunner.AdPortal_NewCustomerDashboardView_001_TestRunner -->
