<?xml version="1.0" encoding="UTF-8"?>
<!-- Generated by org.testng.reporters.JUnitReportReporter -->
<testsuite skipped="0" hostname="SR-C02ZM0XQLVDQ" name="cucmberTestNGTestRunner.AdPortal_LogIn_001_TestRunner" tests="1" failures="0" timestamp="2020-04-29T12:08:57 MDT" time="9.953" errors="0">
  <testcase name="feature" time="9.953" classname="cucmberTestNGTestRunner.AdPortal_LogIn_001_TestRunner"/>
</testsuite> <!-- cucmberTestNGTestRunner.AdPortal_LogIn_001_TestRunner -->
